<?xml version="1.0" encoding="UTF-8"?>
<testsuite errors="0" failures="0" tests="1" skip="0" name="Robot-Success">
<testcase classname="Robot-Success.successfulTest" time="0" name="Successful Test">
</testcase>
</testsuite>
